{"docName":"youTube","path":"~/Dropbox/G%20Tatts/Framer%20Prototypes/chrome%20Youtube/youTube","relativeImagePath":"images","imagePath":"~/Dropbox/G%20Tatts/Framer%20Prototypes/chrome%20Youtube/youTube/images","framerPath":"~/Dropbox/G%20Tatts/Framer%20Prototypes/chrome%20Youtube/youTube/framer","viewInfoPath":"~/Dropbox/G%20Tatts/Framer%20Prototypes/chrome%20Youtube/youTube/framer/views.youTube.js","logPaths":["/tmp/framerps.log","~/Dropbox/G%20Tatts/Framer%20Prototypes/chrome%20Youtube/youTube/framer/framerps.log"]}

Running for ~/Dropbox/G%20Tatts/Framer%20Prototypes/chrome%20Youtube/youTube
Browser: Exporting image
searchYoutubeFor: Exporting image
PROGRESS: 17.6470588235294
y: Exporting image
PROGRESS: 29.4117647058824
o: Exporting image
PROGRESS: 32.3529411764706
u2: Exporting image
PROGRESS: 35.2941176470588
t: Exporting image
PROGRESS: 38.2352941176471
u: Exporting image
PROGRESS: 41.1764705882353
b: Exporting image
PROGRESS: 44.1176470588235
e: Exporting image
PROGRESS: 47.0588235294118
PROGRESS: 47.0588235294118
PROGRESS: 67.6470588235294
PROGRESS: 70.5882352941177
PROGRESS: 88.2352941176471
PROGRESS: 91.1764705882353
PROGRESS: 91.1764705882353
PROGRESS: 91.1764705882353
15 views changed
Skipping ~/Dropbox/G%20Tatts/Framer%20Prototypes/chrome%20Youtube/youTube/index.html (exists)
Skipping ~/Dropbox/G%20Tatts/Framer%20Prototypes/chrome%20Youtube/youTube/app.js (exists)
Skipping ~/Dropbox/G%20Tatts/Framer%20Prototypes/chrome%20Youtube/youTube/framer/framer.js (exists)
Skipping ~/Dropbox/G%20Tatts/Framer%20Prototypes/chrome%20Youtube/youTube/framer/framerps.js (exists)

SUCCESS: ~/Dropbox/G Tatts/Framer Prototypes/chrome Youtube/youTube
